<?xml version="1.0" encoding="UTF-8"?>
<testng-results skipped="0" failed="0" total="1" passed="1">
  <reporter-output>
  </reporter-output>
  <suite name="Default suite" duration-ms="101386" started-at="2017-02-13T09:05:28Z" finished-at="2017-02-13T09:07:09Z">
    <groups>
      <group name="all">
        <method signature="TestCase.start()[pri:0, instance:com.appium.hefanlive.TestCase@204f30ec]" name="start" class="com.appium.hefanlive.TestCase"/>
      </group> <!-- all -->
    </groups>
    <test name="Default test" duration-ms="101386" started-at="2017-02-13T09:05:28Z" finished-at="2017-02-13T09:07:09Z">
      <class name="com.appium.hefanlive.TestCase">
        <test-method status="PASS" signature="setUp()[pri:0, instance:com.appium.hefanlive.TestCase@204f30ec]" name="setUp" is-config="true" duration-ms="9529" started-at="2017-02-13T17:05:18Z" finished-at="2017-02-13T17:05:28Z">
          <reporter-output>
          </reporter-output>
        </test-method> <!-- setUp -->
        <test-method status="PASS" signature="start()[pri:0, instance:com.appium.hefanlive.TestCase@204f30ec]" name="start" duration-ms="99353" started-at="2017-02-13T17:05:28Z" finished-at="2017-02-13T17:07:07Z">
          <reporter-output>
          </reporter-output>
        </test-method> <!-- start -->
        <test-method status="PASS" signature="tearDown()[pri:0, instance:com.appium.hefanlive.TestCase@204f30ec]" name="tearDown" is-config="true" duration-ms="2023" started-at="2017-02-13T17:07:07Z" finished-at="2017-02-13T17:07:09Z">
          <reporter-output>
          </reporter-output>
        </test-method> <!-- tearDown -->
      </class> <!-- com.appium.hefanlive.TestCase -->
    </test> <!-- Default test -->
  </suite> <!-- Default suite -->
</testng-results>
